<?xml version="1.0" encoding="UTF-8"?>
<testng-results ignored="0" total="2" passed="2" failed="0" skipped="0">
  <reporter-output>
  </reporter-output>
  <suite started-at="2023-12-06T00:52:10 IST" name="Suite" finished-at="2023-12-06T00:53:15 IST" duration-ms="64956">
    <groups>
    </groups>
    <test started-at="2023-12-06T00:52:10 IST" name="Test" finished-at="2023-12-06T00:52:34 IST" duration-ms="24088">
      <class name="uk.co.automationtesting.AddRemoveItemBasketTest">
        <test-method is-config="true" signature="setup()[pri:0, instance:uk.co.automationtesting.AddRemoveItemBasketTest@55740540]" started-at="2023-12-06T00:52:10 IST" name="setup" finished-at="2023-12-06T00:52:16 IST" duration-ms="5744" status="PASS">
          <reporter-output>
          </reporter-output>
        </test-method> <!-- setup -->
        <test-method signature="addRemoveItem()[pri:0, instance:uk.co.automationtesting.AddRemoveItemBasketTest@55740540]" started-at="2023-12-06T00:52:16 IST" name="addRemoveItem" finished-at="2023-12-06T00:52:34 IST" duration-ms="18005" status="PASS">
          <reporter-output>
          </reporter-output>
        </test-method> <!-- addRemoveItem -->
        <test-method is-config="true" signature="tearDown()[pri:0, instance:uk.co.automationtesting.AddRemoveItemBasketTest@55740540]" started-at="2023-12-06T00:52:34 IST" name="tearDown" finished-at="2023-12-06T00:52:34 IST" duration-ms="245" status="PASS">
          <reporter-output>
          </reporter-output>
        </test-method> <!-- tearDown -->
      </class> <!-- uk.co.automationtesting.AddRemoveItemBasketTest -->
    </test> <!-- Test -->
    <test started-at="2023-12-06T00:52:34 IST" name="Test2" finished-at="2023-12-06T00:53:15 IST" duration-ms="40826">
      <class name="uk.co.automationtesting.OrderCompleteTest">
        <test-method is-config="true" signature="setup()[pri:0, instance:uk.co.automationtesting.OrderCompleteTest@40cb8df7]" started-at="2023-12-06T00:52:34 IST" name="setup" finished-at="2023-12-06T00:52:39 IST" duration-ms="4656" status="PASS">
          <reporter-output>
          </reporter-output>
        </test-method> <!-- setup -->
        <test-method signature="endToEndTest()[pri:0, instance:uk.co.automationtesting.OrderCompleteTest@40cb8df7]" started-at="2023-12-06T00:52:39 IST" name="endToEndTest" finished-at="2023-12-06T00:53:15 IST" duration-ms="36006" status="PASS">
          <reporter-output>
          </reporter-output>
        </test-method> <!-- endToEndTest -->
        <test-method is-config="true" signature="tearDown()[pri:0, instance:uk.co.automationtesting.OrderCompleteTest@40cb8df7]" started-at="2023-12-06T00:53:15 IST" name="tearDown" finished-at="2023-12-06T00:53:15 IST" duration-ms="162" status="PASS">
          <reporter-output>
          </reporter-output>
        </test-method> <!-- tearDown -->
      </class> <!-- uk.co.automationtesting.OrderCompleteTest -->
    </test> <!-- Test2 -->
  </suite> <!-- Suite -->
</testng-results>
