<?xml version="1.0" encoding="UTF-8"?>
<testng-results ignored="0" total="2" passed="2" failed="0" skipped="0">
  <reporter-output>
  </reporter-output>
  <suite started-at="2023-12-14T22:40:23 IST" name="Suite" finished-at="2023-12-14T22:41:41 IST" duration-ms="77506">
    <groups>
    </groups>
    <test started-at="2023-12-14T22:40:23 IST" name="Test" finished-at="2023-12-14T22:40:48 IST" duration-ms="24795">
      <class name="uk.co.automationtesting.AddRemoveItemBasketTest">
        <test-method is-config="true" signature="setup()[pri:0, instance:uk.co.automationtesting.AddRemoveItemBasketTest@34f5090e]" started-at="2023-12-14T22:40:23 IST" name="setup" finished-at="2023-12-14T22:40:31 IST" duration-ms="7432" status="PASS">
          <reporter-output>
          </reporter-output>
        </test-method> <!-- setup -->
        <test-method signature="addRemoveItem()[pri:0, instance:uk.co.automationtesting.AddRemoveItemBasketTest@34f5090e]" started-at="2023-12-14T22:40:31 IST" name="addRemoveItem" finished-at="2023-12-14T22:40:48 IST" duration-ms="17107" status="PASS">
          <reporter-output>
          </reporter-output>
        </test-method> <!-- addRemoveItem -->
        <test-method is-config="true" signature="tearDown()[pri:0, instance:uk.co.automationtesting.AddRemoveItemBasketTest@34f5090e]" started-at="2023-12-14T22:40:48 IST" name="tearDown" finished-at="2023-12-14T22:40:48 IST" duration-ms="185" status="PASS">
          <reporter-output>
          </reporter-output>
        </test-method> <!-- tearDown -->
      </class> <!-- uk.co.automationtesting.AddRemoveItemBasketTest -->
    </test> <!-- Test -->
    <test started-at="2023-12-14T22:40:48 IST" name="Test2" finished-at="2023-12-14T22:41:41 IST" duration-ms="52603">
      <class name="uk.co.automationtesting.OrderCompleteTest">
        <test-method is-config="true" signature="setup()[pri:0, instance:uk.co.automationtesting.OrderCompleteTest@505fc5a4]" started-at="2023-12-14T22:40:48 IST" name="setup" finished-at="2023-12-14T22:40:53 IST" duration-ms="5414" status="PASS">
          <reporter-output>
          </reporter-output>
        </test-method> <!-- setup -->
        <test-method signature="endToEndTest()[pri:0, instance:uk.co.automationtesting.OrderCompleteTest@505fc5a4]" started-at="2023-12-14T22:40:53 IST" name="endToEndTest" finished-at="2023-12-14T22:41:40 IST" duration-ms="46983" status="PASS">
          <reporter-output>
          </reporter-output>
        </test-method> <!-- endToEndTest -->
        <test-method is-config="true" signature="tearDown()[pri:0, instance:uk.co.automationtesting.OrderCompleteTest@505fc5a4]" started-at="2023-12-14T22:41:40 IST" name="tearDown" finished-at="2023-12-14T22:41:41 IST" duration-ms="199" status="PASS">
          <reporter-output>
          </reporter-output>
        </test-method> <!-- tearDown -->
      </class> <!-- uk.co.automationtesting.OrderCompleteTest -->
    </test> <!-- Test2 -->
  </suite> <!-- Suite -->
</testng-results>
